 30993: 2014-11-21 04:15:41 index 16 hello open
 30993: 2014-11-21 04:15:58 index 16 hello open
 31832: 2014-11-21 04:19:31 index 16 hello open
 31903: 2014-11-21 04:20:34 index 16 hello open
 32048: 2014-11-21 04:22:37 index 16 hello open
 32048: 2014-11-21 04:25:40 index 16 hello open
 32151: 2014-11-21 04:26:51 index 16 hello open
 32151: 2014-11-21 04:26:51 execute 79 (0.001) SELECT word FROM `query_history` where month(time)  >= month(current_timestamp) - 1 group by word order by count(*) desc limit 0,4; args=None
 32151: 2014-11-21 04:26:52 cal_pmi 88 kind:all sex: time: province:北京 cal_pmi begin:
 32151: 2014-11-21 04:26:52 cache_get 45 cache_get sql:select content from cache where province = %s and sex = %s and time = %s and kind = %s begin:
 32151: 2014-11-21 04:26:52 execute 79 (0.000) select content from cache where province = '北京' and sex = '' and time = '' and kind = 'all'; args=(u'\u5317\u4eac', u'', u'', u'all')
 32151: 2014-11-21 04:26:52 cache_get 48 cache_get sql:select content from cache where province = %s and sex = %s and time = %s and kind = %s end:
 32151: 2014-11-21 04:26:52 cal_pmi 144 kind:all sex: time: month: province:北京 cal_pmi end:
 32151: 2014-11-21 04:26:52 wordcloud 108 request info sex: time: province:北京 kind:all 
 32151: 2014-11-21 04:26:52 wordcloud 125 wordcloud done!
 32151: 2014-11-21 04:27:06 execute 79 (0.001) SELECT word FROM `query_history` where month(time)  >= month(current_timestamp) - 1 group by word order by count(*) desc limit 0,4; args=None
 32151: 2014-11-21 04:27:06 analyse 202 get_word begin:
 32151: 2014-11-21 04:27:06 execute 79 (0.000) select province,count(id) from basic_data_new
        where food = '卤煮'  group by province having count(id) > 3 order by province  asc; args=[u'\u5364\u716e']
 32151: 2014-11-21 04:27:06 cache_get 45 cache_get sql:select content from cache where province = %s and sex = %s and time = %s and kind = %s begin:
 32151: 2014-11-21 04:27:06 execute 79 (0.000) select content from cache where province = '' and sex = '' and time = '' and kind = 'all_province'; args=('', '', '', u'all_province')
 32151: 2014-11-21 04:27:06 cache_get 48 cache_get sql:select content from cache where province = %s and sex = %s and time = %s and kind = %s end:
 32151: 2014-11-21 04:27:06 analyse 202 get_word begin:
 32151: 2014-11-21 04:27:06 execute 79 (0.000) select month,count(id) from basic_data_new
        where food = '卤煮'  group by month having count(id) > 3 order by month  asc; args=[u'\u5364\u716e']
 32151: 2014-11-21 04:27:06 cache_get 45 cache_get sql:select content from cache where province = %s and sex = %s and time = %s and kind = %s begin:
 32151: 2014-11-21 04:27:06 execute 79 (0.000) select content from cache where province = '' and sex = '' and time = '' and kind = 'all_month'; args=('', '', '', u'all_month')
 32151: 2014-11-21 04:27:06 cache_get 48 cache_get sql:select content from cache where province = %s and sex = %s and time = %s and kind = %s end:
 32151: 2014-11-21 04:27:06 analyse 202 get_word begin:
 32151: 2014-11-21 04:27:06 execute 79 (0.000) select hour,count(id) from basic_data_new
        where food = '卤煮'  group by hour having count(id) > 3 order by hour  asc; args=[u'\u5364\u716e']
 32151: 2014-11-21 04:27:06 cache_get 45 cache_get sql:select content from cache where province = %s and sex = %s and time = %s and kind = %s begin:
 32151: 2014-11-21 04:27:06 execute 79 (0.000) select content from cache where province = '' and sex = '' and time = '' and kind = 'all_hour'; args=('', '', '', u'all_hour')
 32151: 2014-11-21 04:27:06 cache_get 48 cache_get sql:select content from cache where province = %s and sex = %s and time = %s and kind = %s end:
 32151: 2014-11-21 04:27:07 execute 79 (0.000) insert into query_history(word) values('卤煮'); args=(u'\u5364\u716e',)
 32151: 2014-11-21 04:27:20 execute 79 (0.000) SELECT word FROM `query_history` where month(time)  >= month(current_timestamp) - 1 group by word order by count(*) desc limit 0,4; args=None
 32151: 2014-11-21 04:27:20 analyse 202 get_word begin:
 32151: 2014-11-21 04:27:20 execute 79 (0.000) select province,count(id) from basic_data_new
        where food = '卤煮'  group by province having count(id) > 3 order by province  asc; args=[u'\u5364\u716e']
 32151: 2014-11-21 04:27:20 cache_get 45 cache_get sql:select content from cache where province = %s and sex = %s and time = %s and kind = %s begin:
 32151: 2014-11-21 04:27:20 execute 79 (0.000) select content from cache where province = '' and sex = '' and time = '' and kind = 'all_province'; args=('', '', '', u'all_province')
 32151: 2014-11-21 04:27:20 cache_get 48 cache_get sql:select content from cache where province = %s and sex = %s and time = %s and kind = %s end:
 32151: 2014-11-21 04:27:20 analyse 202 get_word begin:
 32151: 2014-11-21 04:27:20 execute 79 (0.000) select month,count(id) from basic_data_new
        where food = '卤煮'  group by month having count(id) > 3 order by month  asc; args=[u'\u5364\u716e']
 32151: 2014-11-21 04:27:20 cache_get 45 cache_get sql:select content from cache where province = %s and sex = %s and time = %s and kind = %s begin:
 32151: 2014-11-21 04:27:20 execute 79 (0.000) select content from cache where province = '' and sex = '' and time = '' and kind = 'all_month'; args=('', '', '', u'all_month')
 32151: 2014-11-21 04:27:20 cache_get 48 cache_get sql:select content from cache where province = %s and sex = %s and time = %s and kind = %s end:
 32151: 2014-11-21 04:27:20 analyse 202 get_word begin:
 32151: 2014-11-21 04:27:20 execute 79 (0.000) select hour,count(id) from basic_data_new
        where food = '卤煮'  group by hour having count(id) > 3 order by hour  asc; args=[u'\u5364\u716e']
 32151: 2014-11-21 04:27:20 cache_get 45 cache_get sql:select content from cache where province = %s and sex = %s and time = %s and kind = %s begin:
 32151: 2014-11-21 04:27:20 execute 79 (0.000) select content from cache where province = '' and sex = '' and time = '' and kind = 'all_hour'; args=('', '', '', u'all_hour')
 32151: 2014-11-21 04:27:20 cache_get 48 cache_get sql:select content from cache where province = %s and sex = %s and time = %s and kind = %s end:
 32151: 2014-11-21 04:27:21 execute 79 (0.000) insert into query_history(word) values('卤煮'); args=(u'\u5364\u716e',)
 32151: 2014-11-21 04:27:34 execute 79 (0.000) SELECT word FROM `query_history` where month(time)  >= month(current_timestamp) - 1 group by word order by count(*) desc limit 0,4; args=None
 32151: 2014-11-21 04:27:35 analyse 202 get_word begin:
 32151: 2014-11-21 04:27:35 execute 79 (0.000) select province,count(id) from basic_data_new
        where food = 'int'  group by province having count(id) > 3 order by province  asc; args=[u'int']
 32151: 2014-11-21 04:27:35 analyse 202 get_word begin:
 32151: 2014-11-21 04:27:35 execute 79 (0.000) select month,count(id) from basic_data_new
        where food = 'int'  group by month having count(id) > 3 order by month  asc; args=[u'int']
 32151: 2014-11-21 04:27:35 analyse 202 get_word begin:
 32151: 2014-11-21 04:27:35 execute 79 (0.000) select hour,count(id) from basic_data_new
        where food = 'int'  group by hour having count(id) > 3 order by hour  asc; args=[u'int']
 32151: 2014-11-21 04:27:38 execute 79 (0.000) SELECT word FROM `query_history` where month(time)  >= month(current_timestamp) - 1 group by word order by count(*) desc limit 0,4; args=None
 32151: 2014-11-21 04:27:39 analyse 202 get_word begin:
 32151: 2014-11-21 04:27:39 execute 79 (0.000) select province,count(id) from basic_data_new
        where food = 'int'  group by province having count(id) > 3 order by province  asc; args=[u'int']
 32151: 2014-11-21 04:27:39 analyse 202 get_word begin:
 32151: 2014-11-21 04:27:39 execute 79 (0.000) select month,count(id) from basic_data_new
        where food = 'int'  group by month having count(id) > 3 order by month  asc; args=[u'int']
 32151: 2014-11-21 04:27:39 analyse 202 get_word begin:
 32151: 2014-11-21 04:27:39 execute 79 (0.000) select hour,count(id) from basic_data_new
        where food = 'int'  group by hour having count(id) > 3 order by hour  asc; args=[u'int']
 32151: 2014-11-21 04:27:43 execute 79 (0.000) SELECT word FROM `query_history` where month(time)  >= month(current_timestamp) - 1 group by word order by count(*) desc limit 0,4; args=None
 32151: 2014-11-21 04:27:43 execute 79 (0.000) SELECT word FROM `query_history` where month(time)  >= month(current_timestamp) - 1 group by word order by count(*) desc limit 0,1000; args=None
 32151: 2014-11-21 04:27:44 analyse 202 get_word begin:
 32151: 2014-11-21 04:27:44 execute 79 (0.000) select province,count(id) from basic_data_new
        where food = '‘’'  group by province having count(id) > 3 order by province  asc; args=[u'\u2018\u2019']
 32151: 2014-11-21 04:27:44 analyse 202 get_word begin:
 32151: 2014-11-21 04:27:44 execute 79 (0.000) select month,count(id) from basic_data_new
        where food = '‘’'  group by month having count(id) > 3 order by month  asc; args=[u'\u2018\u2019']
 32151: 2014-11-21 04:27:44 analyse 202 get_word begin:
 32151: 2014-11-21 04:27:44 execute 79 (0.000) select hour,count(id) from basic_data_new
        where food = '‘’'  group by hour having count(id) > 3 order by hour  asc; args=[u'\u2018\u2019']
 32151: 2014-11-21 04:27:46 execute 79 (0.000) SELECT word FROM `query_history` where month(time)  >= month(current_timestamp) - 1 group by word order by count(*) desc limit 0,4; args=None
 32151: 2014-11-21 04:27:47 execute 79 (0.001) SELECT word FROM `query_history` where month(time)  >= month(current_timestamp) - 1 group by word order by count(*) desc limit 0,1000; args=None
 32151: 2014-11-21 04:27:47 analyse 202 get_word begin:
 32151: 2014-11-21 04:27:47 execute 79 (0.000) select province,count(id) from basic_data_new
        where food = '‘’'  group by province having count(id) > 3 order by province  asc; args=[u'\u2018\u2019']
 32151: 2014-11-21 04:27:47 analyse 202 get_word begin:
 32151: 2014-11-21 04:27:47 execute 79 (0.000) select month,count(id) from basic_data_new
        where food = '‘’'  group by month having count(id) > 3 order by month  asc; args=[u'\u2018\u2019']
 32151: 2014-11-21 04:27:47 analyse 202 get_word begin:
 32151: 2014-11-21 04:27:47 execute 79 (0.000) select hour,count(id) from basic_data_new
        where food = '‘’'  group by hour having count(id) > 3 order by hour  asc; args=[u'\u2018\u2019']
 32151: 2014-11-21 04:27:49 execute 79 (0.000) SELECT word FROM `query_history` where month(time)  >= month(current_timestamp) - 1 group by word order by count(*) desc limit 0,4; args=None
 32151: 2014-11-21 04:27:49 analyse 202 get_word begin:
 32151: 2014-11-21 04:27:49 execute 79 (0.000) select province,count(id) from basic_data_new
        where food = '‘’'  group by province having count(id) > 3 order by province  asc; args=[u'\u2018\u2019']
 32151: 2014-11-21 04:27:49 analyse 202 get_word begin:
 32151: 2014-11-21 04:27:49 execute 79 (0.000) select month,count(id) from basic_data_new
        where food = '‘’'  group by month having count(id) > 3 order by month  asc; args=[u'\u2018\u2019']
 32151: 2014-11-21 04:27:49 analyse 202 get_word begin:
 32151: 2014-11-21 04:27:49 execute 79 (0.000) select hour,count(id) from basic_data_new
        where food = '‘’'  group by hour having count(id) > 3 order by hour  asc; args=[u'\u2018\u2019']
 32151: 2014-11-21 04:27:52 execute 79 (0.000) SELECT word FROM `query_history` where month(time)  >= month(current_timestamp) - 1 group by word order by count(*) desc limit 0,4; args=None
 32151: 2014-11-21 04:27:52 analyse 202 get_word begin:
 32151: 2014-11-21 04:27:52 execute 79 (0.000) select province,count(id) from basic_data_new
        where food = '‘’'  group by province having count(id) > 3 order by province  asc; args=[u'\u2018\u2019']
 32151: 2014-11-21 04:27:52 analyse 202 get_word begin:
 32151: 2014-11-21 04:27:52 execute 79 (0.000) select month,count(id) from basic_data_new
        where food = '‘’'  group by month having count(id) > 3 order by month  asc; args=[u'\u2018\u2019']
 32151: 2014-11-21 04:27:52 analyse 202 get_word begin:
 32151: 2014-11-21 04:27:52 execute 79 (0.000) select hour,count(id) from basic_data_new
        where food = '‘’'  group by hour having count(id) > 3 order by hour  asc; args=[u'\u2018\u2019']
 32151: 2014-11-21 04:28:40 index 16 hello open
 32151: 2014-11-21 04:28:40 execute 79 (0.000) SELECT word FROM `query_history` where month(time)  >= month(current_timestamp) - 1 group by word order by count(*) desc limit 0,4; args=None
 32151: 2014-11-21 04:30:16 execute 79 (0.000) SELECT word FROM `query_history` where month(time)  >= month(current_timestamp) - 1 group by word order by count(*) desc limit 0,4; args=None
 32151: 2014-11-21 04:30:18 analyse 202 get_word begin:
 32151: 2014-11-21 04:30:18 execute 79 (0.000) select province,count(id) from basic_data_new
        where food = '卤煮'  group by province having count(id) > 3 order by province  asc; args=[u'\u5364\u716e']
 32151: 2014-11-21 04:30:18 cache_get 45 cache_get sql:select content from cache where province = %s and sex = %s and time = %s and kind = %s begin:
 32151: 2014-11-21 04:30:18 execute 79 (0.000) select content from cache where province = '' and sex = '' and time = '' and kind = 'all_province'; args=('', '', '', u'all_province')
 32151: 2014-11-21 04:30:18 cache_get 48 cache_get sql:select content from cache where province = %s and sex = %s and time = %s and kind = %s end:
 32151: 2014-11-21 04:30:18 analyse 202 get_word begin:
 32151: 2014-11-21 04:30:18 execute 79 (0.000) select month,count(id) from basic_data_new
        where food = '卤煮'  group by month having count(id) > 3 order by month  asc; args=[u'\u5364\u716e']
 32151: 2014-11-21 04:30:18 cache_get 45 cache_get sql:select content from cache where province = %s and sex = %s and time = %s and kind = %s begin:
 32151: 2014-11-21 04:30:18 execute 79 (0.000) select content from cache where province = '' and sex = '' and time = '' and kind = 'all_month'; args=('', '', '', u'all_month')
 32151: 2014-11-21 04:30:18 cache_get 48 cache_get sql:select content from cache where province = %s and sex = %s and time = %s and kind = %s end:
 32151: 2014-11-21 04:30:18 analyse 202 get_word begin:
 32151: 2014-11-21 04:30:18 execute 79 (0.000) select hour,count(id) from basic_data_new
        where food = '卤煮'  group by hour having count(id) > 3 order by hour  asc; args=[u'\u5364\u716e']
 32151: 2014-11-21 04:30:18 cache_get 45 cache_get sql:select content from cache where province = %s and sex = %s and time = %s and kind = %s begin:
 32151: 2014-11-21 04:30:18 execute 79 (0.000) select content from cache where province = '' and sex = '' and time = '' and kind = 'all_hour'; args=('', '', '', u'all_hour')
 32151: 2014-11-21 04:30:18 cache_get 48 cache_get sql:select content from cache where province = %s and sex = %s and time = %s and kind = %s end:
 32151: 2014-11-21 04:30:19 execute 79 (0.000) insert into query_history(word) values('卤煮'); args=(u'\u5364\u716e',)
 32151: 2014-11-21 04:30:28 execute 79 (0.001) SELECT word FROM `query_history` where month(time)  >= month(current_timestamp) - 1 group by word order by count(*) desc limit 0,4; args=None
 32151: 2014-11-21 04:30:28 analyse 202 get_word begin:
 32151: 2014-11-21 04:30:28 execute 79 (0.000) select province,count(id) from basic_data_new
        where food = '卤煮'  group by province having count(id) > 3 order by province  asc; args=[u'\u5364\u716e']
 32151: 2014-11-21 04:30:28 cache_get 45 cache_get sql:select content from cache where province = %s and sex = %s and time = %s and kind = %s begin:
 32151: 2014-11-21 04:30:28 execute 79 (0.000) select content from cache where province = '' and sex = '' and time = '' and kind = 'all_province'; args=('', '', '', u'all_province')
 32151: 2014-11-21 04:30:28 cache_get 48 cache_get sql:select content from cache where province = %s and sex = %s and time = %s and kind = %s end:
 32151: 2014-11-21 04:30:28 analyse 202 get_word begin:
 32151: 2014-11-21 04:30:28 execute 79 (0.000) select hour,count(id) from basic_data_new
        where food = '卤煮'  group by hour having count(id) > 3 order by hour  asc; args=[u'\u5364\u716e']
 32151: 2014-11-21 04:30:28 cache_get 45 cache_get sql:select content from cache where province = %s and sex = %s and time = %s and kind = %s begin:
 32151: 2014-11-21 04:30:28 execute 79 (0.000) select content from cache where province = '' and sex = '' and time = '' and kind = 'all_hour'; args=('', '', '', u'all_hour')
 32151: 2014-11-21 04:30:28 cache_get 48 cache_get sql:select content from cache where province = %s and sex = %s and time = %s and kind = %s end:
 32151: 2014-11-21 04:30:28 analyse 202 get_word begin:
 32151: 2014-11-21 04:30:28 execute 79 (0.000) select month,count(id) from basic_data_new
        where food = '卤煮'  group by month having count(id) > 3 order by month  asc; args=[u'\u5364\u716e']
 32151: 2014-11-21 04:30:28 cache_get 45 cache_get sql:select content from cache where province = %s and sex = %s and time = %s and kind = %s begin:
 32151: 2014-11-21 04:30:28 execute 79 (0.000) select content from cache where province = '' and sex = '' and time = '' and kind = 'all_month'; args=('', '', '', u'all_month')
 32151: 2014-11-21 04:30:28 cache_get 48 cache_get sql:select content from cache where province = %s and sex = %s and time = %s and kind = %s end:
 32151: 2014-11-21 04:30:29 execute 79 (0.000) insert into query_history(word) values('卤煮'); args=(u'\u5364\u716e',)
 32151: 2014-11-21 04:30:34 execute 79 (0.000) SELECT word FROM `query_history` where month(time)  >= month(current_timestamp) - 1 group by word order by count(*) desc limit 0,1000; args=None
 32151: 2014-11-21 04:30:35 execute 79 (0.001) SELECT word FROM `query_history` where month(time)  >= month(current_timestamp) - 1 group by word order by count(*) desc limit 0,4; args=None
 32151: 2014-11-21 04:30:36 analyse 202 get_word begin:
 32151: 2014-11-21 04:30:36 execute 79 (0.001) select province,count(id) from basic_data_new
        where food = '呵呵'  group by province having count(id) > 3 order by province  asc; args=[u'\u5475\u5475']
 32151: 2014-11-21 04:30:36 cache_get 45 cache_get sql:select content from cache where province = %s and sex = %s and time = %s and kind = %s begin:
 32151: 2014-11-21 04:30:36 execute 79 (0.004) select content from cache where province = '' and sex = '' and time = '' and kind = 'all_province'; args=('', '', '', u'all_province')
 32151: 2014-11-21 04:30:36 cache_get 48 cache_get sql:select content from cache where province = %s and sex = %s and time = %s and kind = %s end:
 32151: 2014-11-21 04:30:36 analyse 202 get_word begin:
 32151: 2014-11-21 04:30:36 execute 79 (0.000) select month,count(id) from basic_data_new
        where food = '呵呵'  group by month having count(id) > 3 order by month  asc; args=[u'\u5475\u5475']
 32151: 2014-11-21 04:30:36 cache_get 45 cache_get sql:select content from cache where province = %s and sex = %s and time = %s and kind = %s begin:
 32151: 2014-11-21 04:30:36 execute 79 (0.000) select content from cache where province = '' and sex = '' and time = '' and kind = 'all_month'; args=('', '', '', u'all_month')
 32151: 2014-11-21 04:30:36 cache_get 48 cache_get sql:select content from cache where province = %s and sex = %s and time = %s and kind = %s end:
 32151: 2014-11-21 04:30:36 analyse 202 get_word begin:
 32151: 2014-11-21 04:30:36 execute 79 (0.000) select hour,count(id) from basic_data_new
        where food = '呵呵'  group by hour having count(id) > 3 order by hour  asc; args=[u'\u5475\u5475']
 32151: 2014-11-21 04:30:36 cache_get 45 cache_get sql:select content from cache where province = %s and sex = %s and time = %s and kind = %s begin:
 32151: 2014-11-21 04:30:36 execute 79 (0.000) select content from cache where province = '' and sex = '' and time = '' and kind = 'all_hour'; args=('', '', '', u'all_hour')
 32151: 2014-11-21 04:30:36 cache_get 48 cache_get sql:select content from cache where province = %s and sex = %s and time = %s and kind = %s end:
 32151: 2014-11-21 04:30:36 execute 79 (0.000) insert into query_history(word) values('呵呵'); args=(u'\u5475\u5475',)
 32151: 2014-11-21 04:30:39 execute 79 (0.000) SELECT word FROM `query_history` where month(time)  >= month(current_timestamp) - 1 group by word order by count(*) desc limit 0,4; args=None
 32151: 2014-11-21 04:30:39 analyse 202 get_word begin:
 32151: 2014-11-21 04:30:39 execute 79 (0.000) select province,count(id) from basic_data_new
        where food = ''  group by province having count(id) > 3 order by province  asc; args=[u'']
 32151: 2014-11-21 04:30:39 analyse 202 get_word begin:
 32151: 2014-11-21 04:30:39 execute 79 (0.000) select month,count(id) from basic_data_new
        where food = ''  group by month having count(id) > 3 order by month  asc; args=[u'']
 32151: 2014-11-21 04:30:39 analyse 202 get_word begin:
 32151: 2014-11-21 04:30:39 execute 79 (0.000) select hour,count(id) from basic_data_new
        where food = ''  group by hour having count(id) > 3 order by hour  asc; args=[u'']
 32151: 2014-11-21 04:31:07 execute 79 (0.000) SELECT word FROM `query_history` where month(time)  >= month(current_timestamp) - 1 group by word order by count(*) desc limit 0,4; args=None
 32151: 2014-11-21 04:31:08 analyse 202 get_word begin:
 32151: 2014-11-21 04:31:08 execute 79 (0.000) select province,count(id) from basic_data_new
        where food = ''  group by province having count(id) > 3 order by province  asc; args=[u'']
 32151: 2014-11-21 04:31:08 analyse 202 get_word begin:
 32151: 2014-11-21 04:31:08 execute 79 (0.000) select month,count(id) from basic_data_new
        where food = ''  group by month having count(id) > 3 order by month  asc; args=[u'']
 32151: 2014-11-21 04:31:08 analyse 202 get_word begin:
 32151: 2014-11-21 04:31:08 execute 79 (0.000) select hour,count(id) from basic_data_new
        where food = ''  group by hour having count(id) > 3 order by hour  asc; args=[u'']
 32151: 2014-11-21 04:31:42 execute 79 (0.000) SELECT word FROM `query_history` where month(time)  >= month(current_timestamp) - 1 group by word order by count(*) desc limit 0,4; args=None
 32151: 2014-11-21 04:31:43 analyse 202 get_word begin:
 32151: 2014-11-21 04:31:43 execute 79 (0.000) select province,count(id) from basic_data_new
        where food = '‘’'  group by province having count(id) > 3 order by province  asc; args=[u'\u2018\u2019']
 32151: 2014-11-21 04:31:43 analyse 202 get_word begin:
 32151: 2014-11-21 04:31:43 execute 79 (0.000) select month,count(id) from basic_data_new
        where food = '‘’'  group by month having count(id) > 3 order by month  asc; args=[u'\u2018\u2019']
 32151: 2014-11-21 04:31:43 analyse 202 get_word begin:
 32151: 2014-11-21 04:31:43 execute 79 (0.000) select hour,count(id) from basic_data_new
        where food = '‘’'  group by hour having count(id) > 3 order by hour  asc; args=[u'\u2018\u2019']
 32151: 2014-11-21 04:32:04 execute 79 (0.000) SELECT word FROM `query_history` where month(time)  >= month(current_timestamp) - 1 group by word order by count(*) desc limit 0,1000; args=None
 32151: 2014-11-21 04:32:06 execute 79 (0.000) SELECT word FROM `query_history` where month(time)  >= month(current_timestamp) - 1 group by word order by count(*) desc limit 0,4; args=None
 32151: 2014-11-21 04:32:07 analyse 202 get_word begin:
 32151: 2014-11-21 04:32:07 execute 79 (0.000) select province,count(id) from basic_data_new
        where food = '哈哈'  group by province having count(id) > 3 order by province  asc; args=[u'\u54c8\u54c8']
 32151: 2014-11-21 04:32:07 cache_get 45 cache_get sql:select content from cache where province = %s and sex = %s and time = %s and kind = %s begin:
 32151: 2014-11-21 04:32:07 execute 79 (0.000) select content from cache where province = '' and sex = '' and time = '' and kind = 'all_province'; args=('', '', '', u'all_province')
 32151: 2014-11-21 04:32:07 cache_get 48 cache_get sql:select content from cache where province = %s and sex = %s and time = %s and kind = %s end:
 32151: 2014-11-21 04:32:07 analyse 202 get_word begin:
 32151: 2014-11-21 04:32:07 execute 79 (0.000) select hour,count(id) from basic_data_new
        where food = '哈哈'  group by hour having count(id) > 3 order by hour  asc; args=[u'\u54c8\u54c8']
 32151: 2014-11-21 04:32:07 cache_get 45 cache_get sql:select content from cache where province = %s and sex = %s and time = %s and kind = %s begin:
 32151: 2014-11-21 04:32:07 execute 79 (0.000) select content from cache where province = '' and sex = '' and time = '' and kind = 'all_hour'; args=('', '', '', u'all_hour')
 32151: 2014-11-21 04:32:07 cache_get 48 cache_get sql:select content from cache where province = %s and sex = %s and time = %s and kind = %s end:
 32151: 2014-11-21 04:32:07 analyse 202 get_word begin:
 32151: 2014-11-21 04:32:07 execute 79 (0.000) select month,count(id) from basic_data_new
        where food = '哈哈'  group by month having count(id) > 3 order by month  asc; args=[u'\u54c8\u54c8']
 32151: 2014-11-21 04:32:07 cache_get 45 cache_get sql:select content from cache where province = %s and sex = %s and time = %s and kind = %s begin:
 32151: 2014-11-21 04:32:07 execute 79 (0.000) select content from cache where province = '' and sex = '' and time = '' and kind = 'all_month'; args=('', '', '', u'all_month')
 32151: 2014-11-21 04:32:07 cache_get 48 cache_get sql:select content from cache where province = %s and sex = %s and time = %s and kind = %s end:
 32151: 2014-11-21 04:32:07 execute 79 (0.000) insert into query_history(word) values('哈哈'); args=(u'\u54c8\u54c8',)
 32151: 2014-11-21 04:32:11 execute 79 (0.001) SELECT word FROM `query_history` where month(time)  >= month(current_timestamp) - 1 group by word order by count(*) desc limit 0,4; args=None
 32151: 2014-11-21 04:32:12 analyse 202 get_word begin:
 32151: 2014-11-21 04:32:12 execute 79 (0.000) select province,count(id) from basic_data_new
        where food = '哈哈'  group by province having count(id) > 3 order by province  asc; args=[u'\u54c8\u54c8']
 32151: 2014-11-21 04:32:12 cache_get 45 cache_get sql:select content from cache where province = %s and sex = %s and time = %s and kind = %s begin:
 32151: 2014-11-21 04:32:12 execute 79 (0.000) select content from cache where province = '' and sex = '' and time = '' and kind = 'all_province'; args=('', '', '', u'all_province')
 32151: 2014-11-21 04:32:12 cache_get 48 cache_get sql:select content from cache where province = %s and sex = %s and time = %s and kind = %s end:
 32151: 2014-11-21 04:32:12 analyse 202 get_word begin:
 32151: 2014-11-21 04:32:12 execute 79 (0.000) select month,count(id) from basic_data_new
        where food = '哈哈'  group by month having count(id) > 3 order by month  asc; args=[u'\u54c8\u54c8']
 32151: 2014-11-21 04:32:12 cache_get 45 cache_get sql:select content from cache where province = %s and sex = %s and time = %s and kind = %s begin:
 32151: 2014-11-21 04:32:12 execute 79 (0.000) select content from cache where province = '' and sex = '' and time = '' and kind = 'all_month'; args=('', '', '', u'all_month')
 32151: 2014-11-21 04:32:12 cache_get 48 cache_get sql:select content from cache where province = %s and sex = %s and time = %s and kind = %s end:
 32151: 2014-11-21 04:32:12 analyse 202 get_word begin:
 32151: 2014-11-21 04:32:12 execute 79 (0.000) select hour,count(id) from basic_data_new
        where food = '哈哈'  group by hour having count(id) > 3 order by hour  asc; args=[u'\u54c8\u54c8']
 32151: 2014-11-21 04:32:12 cache_get 45 cache_get sql:select content from cache where province = %s and sex = %s and time = %s and kind = %s begin:
 32151: 2014-11-21 04:32:12 execute 79 (0.000) select content from cache where province = '' and sex = '' and time = '' and kind = 'all_hour'; args=('', '', '', u'all_hour')
 32151: 2014-11-21 04:32:12 cache_get 48 cache_get sql:select content from cache where province = %s and sex = %s and time = %s and kind = %s end:
 32151: 2014-11-21 04:32:14 execute 79 (0.001) SELECT word FROM `query_history` where month(time)  >= month(current_timestamp) - 1 group by word order by count(*) desc limit 0,4; args=None
 32151: 2014-11-21 04:32:14 analyse 202 get_word begin:
 32151: 2014-11-21 04:32:14 execute 79 (0.000) select province,count(id) from basic_data_new
        where food = '呵呵'  group by province having count(id) > 3 order by province  asc; args=[u'\u5475\u5475']
 32151: 2014-11-21 04:32:14 cache_get 45 cache_get sql:select content from cache where province = %s and sex = %s and time = %s and kind = %s begin:
 32151: 2014-11-21 04:32:14 execute 79 (0.000) select content from cache where province = '' and sex = '' and time = '' and kind = 'all_province'; args=('', '', '', u'all_province')
 32151: 2014-11-21 04:32:14 cache_get 48 cache_get sql:select content from cache where province = %s and sex = %s and time = %s and kind = %s end:
 32151: 2014-11-21 04:32:14 analyse 202 get_word begin:
 32151: 2014-11-21 04:32:14 execute 79 (0.000) select month,count(id) from basic_data_new
        where food = '呵呵'  group by month having count(id) > 3 order by month  asc; args=[u'\u5475\u5475']
 32151: 2014-11-21 04:32:14 cache_get 45 cache_get sql:select content from cache where province = %s and sex = %s and time = %s and kind = %s begin:
 32151: 2014-11-21 04:32:14 execute 79 (0.000) select content from cache where province = '' and sex = '' and time = '' and kind = 'all_month'; args=('', '', '', u'all_month')
 32151: 2014-11-21 04:32:14 cache_get 48 cache_get sql:select content from cache where province = %s and sex = %s and time = %s and kind = %s end:
 32151: 2014-11-21 04:32:14 analyse 202 get_word begin:
 32151: 2014-11-21 04:32:14 execute 79 (0.000) select hour,count(id) from basic_data_new
        where food = '呵呵'  group by hour having count(id) > 3 order by hour  asc; args=[u'\u5475\u5475']
 32151: 2014-11-21 04:32:14 cache_get 45 cache_get sql:select content from cache where province = %s and sex = %s and time = %s and kind = %s begin:
 32151: 2014-11-21 04:32:14 execute 79 (0.000) select content from cache where province = '' and sex = '' and time = '' and kind = 'all_hour'; args=('', '', '', u'all_hour')
 32151: 2014-11-21 04:32:14 cache_get 48 cache_get sql:select content from cache where province = %s and sex = %s and time = %s and kind = %s end:
 32151: 2014-11-21 04:32:15 execute 79 (0.000) insert into query_history(word) values('呵呵'); args=(u'\u5475\u5475',)
 32151: 2014-11-21 04:32:42 execute 79 (0.000) SELECT word FROM `query_history` where month(time)  >= month(current_timestamp) - 1 group by word order by count(*) desc limit 0,1000; args=None
 32151: 2014-11-21 04:32:43 execute 79 (0.000) SELECT word FROM `query_history` where month(time)  >= month(current_timestamp) - 1 group by word order by count(*) desc limit 0,4; args=None
 32151: 2014-11-21 04:32:44 analyse 202 get_word begin:
 32151: 2014-11-21 04:32:44 execute 79 (0.000) select province,count(id) from basic_data_new
        where food = '麻辣烫'  group by province having count(id) > 3 order by province  asc; args=[u'\u9ebb\u8fa3\u70eb']
 32151: 2014-11-21 04:32:44 cache_get 45 cache_get sql:select content from cache where province = %s and sex = %s and time = %s and kind = %s begin:
 32151: 2014-11-21 04:32:44 execute 79 (0.000) select content from cache where province = '' and sex = '' and time = '' and kind = 'all_province'; args=('', '', '', u'all_province')
 32151: 2014-11-21 04:32:44 cache_get 48 cache_get sql:select content from cache where province = %s and sex = %s and time = %s and kind = %s end:
 32151: 2014-11-21 04:32:44 analyse 202 get_word begin:
 32151: 2014-11-21 04:32:44 execute 79 (0.000) select month,count(id) from basic_data_new
        where food = '麻辣烫'  group by month having count(id) > 3 order by month  asc; args=[u'\u9ebb\u8fa3\u70eb']
 32151: 2014-11-21 04:32:44 cache_get 45 cache_get sql:select content from cache where province = %s and sex = %s and time = %s and kind = %s begin:
 32151: 2014-11-21 04:32:44 execute 79 (0.000) select content from cache where province = '' and sex = '' and time = '' and kind = 'all_month'; args=('', '', '', u'all_month')
 32151: 2014-11-21 04:32:44 cache_get 48 cache_get sql:select content from cache where province = %s and sex = %s and time = %s and kind = %s end:
 32151: 2014-11-21 04:32:44 analyse 202 get_word begin:
 32151: 2014-11-21 04:32:44 execute 79 (0.000) select hour,count(id) from basic_data_new
        where food = '麻辣烫'  group by hour having count(id) > 3 order by hour  asc; args=[u'\u9ebb\u8fa3\u70eb']
 32151: 2014-11-21 04:32:44 cache_get 45 cache_get sql:select content from cache where province = %s and sex = %s and time = %s and kind = %s begin:
 32151: 2014-11-21 04:32:44 execute 79 (0.000) select content from cache where province = '' and sex = '' and time = '' and kind = 'all_hour'; args=('', '', '', u'all_hour')
 32151: 2014-11-21 04:32:44 cache_get 48 cache_get sql:select content from cache where province = %s and sex = %s and time = %s and kind = %s end:
 32151: 2014-11-21 04:32:44 execute 79 (0.000) insert into query_history(word) values('麻辣烫'); args=(u'\u9ebb\u8fa3\u70eb',)
 32151: 2014-11-21 04:32:51 execute 79 (0.000) SELECT word FROM `query_history` where month(time)  >= month(current_timestamp) - 1 group by word order by count(*) desc limit 0,1000; args=None
 32151: 2014-11-21 04:32:52 execute 79 (0.000) SELECT word FROM `query_history` where month(time)  >= month(current_timestamp) - 1 group by word order by count(*) desc limit 0,1000; args=None
 32151: 2014-11-21 04:32:54 execute 79 (0.000) SELECT word FROM `query_history` where month(time)  >= month(current_timestamp) - 1 group by word order by count(*) desc limit 0,1000; args=None
 32151: 2014-11-21 04:32:55 execute 79 (0.000) SELECT word FROM `query_history` where month(time)  >= month(current_timestamp) - 1 group by word order by count(*) desc limit 0,4; args=None
 32151: 2014-11-21 04:32:55 analyse 202 get_word begin:
 32151: 2014-11-21 04:34:20 execute 79 (84.894) select province,count(id) from basic_data_new
        where food = '火锅'  and content like '%辣%'  group by province having count(id) > 3 order by province  asc; args=[u'\u706b\u9505', u'%\u8fa3%']
 32151: 2014-11-21 04:34:20 cache_get 45 cache_get sql:select content from cache where province = %s and sex = %s and time = %s and kind = %s begin:
 32151: 2014-11-21 04:34:20 execute 79 (0.012) select content from cache where province = '' and sex = '' and time = '' and kind = 'all_province'; args=('', '', '', u'all_province')
 32151: 2014-11-21 04:34:20 cache_get 48 cache_get sql:select content from cache where province = %s and sex = %s and time = %s and kind = %s end:
 32151: 2014-11-21 04:34:20 analyse 202 get_word begin:
 32151: 2014-11-21 04:34:23 execute 79 (2.859) select month,count(id) from basic_data_new
        where food = '火锅'  and content like '%辣%'  group by month having count(id) > 3 order by month  asc; args=[u'\u706b\u9505', u'%\u8fa3%']
 32151: 2014-11-21 04:34:23 cache_get 45 cache_get sql:select content from cache where province = %s and sex = %s and time = %s and kind = %s begin:
 32151: 2014-11-21 04:34:23 execute 79 (0.000) select content from cache where province = '' and sex = '' and time = '' and kind = 'all_month'; args=('', '', '', u'all_month')
 32151: 2014-11-21 04:34:23 cache_get 48 cache_get sql:select content from cache where province = %s and sex = %s and time = %s and kind = %s end:
 32151: 2014-11-21 04:34:23 analyse 202 get_word begin:
 32151: 2014-11-21 04:34:26 execute 79 (3.268) select hour,count(id) from basic_data_new
        where food = '火锅'  and content like '%辣%'  group by hour having count(id) > 3 order by hour  asc; args=[u'\u706b\u9505', u'%\u8fa3%']
 32151: 2014-11-21 04:34:26 cache_get 45 cache_get sql:select content from cache where province = %s and sex = %s and time = %s and kind = %s begin:
 32151: 2014-11-21 04:34:26 execute 79 (0.000) select content from cache where province = '' and sex = '' and time = '' and kind = 'all_hour'; args=('', '', '', u'all_hour')
 32151: 2014-11-21 04:34:26 cache_get 48 cache_get sql:select content from cache where province = %s and sex = %s and time = %s and kind = %s end:
 32151: 2014-11-21 04:34:26 execute 79 (0.000) SELECT word FROM `query_history` where month(time)  >= month(current_timestamp) - 1 group by word order by count(*) desc limit 0,4; args=None
 32151: 2014-11-21 04:34:26 execute 79 (0.000) SELECT word FROM `query_history` where month(time)  >= month(current_timestamp) - 1 group by word order by count(*) desc limit 0,4; args=None
 32151: 2014-11-21 04:34:27 analyse 202 get_word begin:
 32151: 2014-11-21 04:34:28 execute 79 (0.000) select province,count(id) from basic_data_new
        where food = ''  group by province having count(id) > 3 order by province  asc; args=[u'']
 32151: 2014-11-21 04:34:28 analyse 202 get_word begin:
 32151: 2014-11-21 04:34:28 execute 79 (0.000) select month,count(id) from basic_data_new
        where food = ''  group by month having count(id) > 3 order by month  asc; args=[u'']
 32151: 2014-11-21 04:34:28 analyse 202 get_word begin:
 32151: 2014-11-21 04:34:28 execute 79 (0.000) select hour,count(id) from basic_data_new
        where food = ''  group by hour having count(id) > 3 order by hour  asc; args=[u'']
 32151: 2014-11-21 04:34:28 analyse 202 get_word begin:
 32151: 2014-11-21 04:34:28 execute 79 (0.000) select province,count(id) from basic_data_new
        where food = '火锅'  and content like '%辣%'  group by province having count(id) > 3 order by province  asc; args=[u'\u706b\u9505', u'%\u8fa3%']
 32151: 2014-11-21 04:34:28 cache_get 45 cache_get sql:select content from cache where province = %s and sex = %s and time = %s and kind = %s begin:
 32151: 2014-11-21 04:34:28 execute 79 (0.000) select content from cache where province = '' and sex = '' and time = '' and kind = 'all_province'; args=('', '', '', u'all_province')
 32151: 2014-11-21 04:34:28 cache_get 48 cache_get sql:select content from cache where province = %s and sex = %s and time = %s and kind = %s end:
 32151: 2014-11-21 04:34:28 analyse 202 get_word begin:
 32151: 2014-11-21 04:34:28 execute 79 (0.000) select month,count(id) from basic_data_new
        where food = '火锅'  and content like '%辣%'  group by month having count(id) > 3 order by month  asc; args=[u'\u706b\u9505', u'%\u8fa3%']
 32151: 2014-11-21 04:34:28 cache_get 45 cache_get sql:select content from cache where province = %s and sex = %s and time = %s and kind = %s begin:
 32151: 2014-11-21 04:34:28 execute 79 (0.000) select content from cache where province = '' and sex = '' and time = '' and kind = 'all_month'; args=('', '', '', u'all_month')
 32151: 2014-11-21 04:34:28 cache_get 48 cache_get sql:select content from cache where province = %s and sex = %s and time = %s and kind = %s end:
 32151: 2014-11-21 04:34:28 analyse 202 get_word begin:
 32151: 2014-11-21 04:34:28 execute 79 (0.000) select hour,count(id) from basic_data_new
        where food = '火锅'  and content like '%辣%'  group by hour having count(id) > 3 order by hour  asc; args=[u'\u706b\u9505', u'%\u8fa3%']
 32151: 2014-11-21 04:34:28 cache_get 45 cache_get sql:select content from cache where province = %s and sex = %s and time = %s and kind = %s begin:
 32151: 2014-11-21 04:34:28 execute 79 (0.005) select content from cache where province = '' and sex = '' and time = '' and kind = 'all_hour'; args=('', '', '', u'all_hour')
 32151: 2014-11-21 04:34:28 cache_get 48 cache_get sql:select content from cache where province = %s and sex = %s and time = %s and kind = %s end:
 32151: 2014-11-21 04:34:28 execute 79 (0.000) insert into query_history(word) values('火锅 辣'); args=(u'\u706b\u9505 \u8fa3',)
 32151: 2014-11-21 04:35:27 index 16 hello open
 32151: 2014-11-21 04:35:27 execute 79 (0.000) SELECT word FROM `query_history` where month(time)  >= month(current_timestamp) - 1 group by word order by count(*) desc limit 0,4; args=None
 32151: 2014-11-21 04:35:30 cal_pmi 88 kind:all sex: time: province:北京 cal_pmi begin:
 32151: 2014-11-21 04:35:30 cache_get 45 cache_get sql:select content from cache where province = %s and sex = %s and time = %s and kind = %s begin:
 32151: 2014-11-21 04:35:30 execute 79 (0.000) select content from cache where province = '北京' and sex = '' and time = '' and kind = 'all'; args=(u'\u5317\u4eac', u'', u'', u'all')
 32151: 2014-11-21 04:35:30 cache_get 48 cache_get sql:select content from cache where province = %s and sex = %s and time = %s and kind = %s end:
 32151: 2014-11-21 04:35:30 cal_pmi 144 kind:all sex: time: month: province:北京 cal_pmi end:
 32151: 2014-11-21 04:35:30 wordcloud 108 request info sex: time: province:北京 kind:all 
 32151: 2014-11-21 04:35:30 wordcloud 125 wordcloud done!
 32151: 2014-11-21 04:35:57 execute 79 (0.000) SELECT word FROM `query_history` where month(time)  >= month(current_timestamp) - 1 group by word order by count(*) desc limit 0,4; args=None
 32151: 2014-11-21 04:35:58 analyse 202 get_word begin:
 32151: 2014-11-21 04:35:58 execute 79 (0.000) select province,count(id) from basic_data_new
        where food = '火锅'  and content like '%辣%'  group by province having count(id) > 3 order by province  asc; args=[u'\u706b\u9505', u'%\u8fa3%']
 32151: 2014-11-21 04:35:58 cache_get 45 cache_get sql:select content from cache where province = %s and sex = %s and time = %s and kind = %s begin:
 32151: 2014-11-21 04:35:58 execute 79 (0.000) select content from cache where province = '' and sex = '' and time = '' and kind = 'all_province'; args=('', '', '', u'all_province')
 32151: 2014-11-21 04:35:58 cache_get 48 cache_get sql:select content from cache where province = %s and sex = %s and time = %s and kind = %s end:
 32151: 2014-11-21 04:35:58 analyse 202 get_word begin:
 32151: 2014-11-21 04:35:58 execute 79 (0.000) select hour,count(id) from basic_data_new
        where food = '火锅'  and content like '%辣%'  group by hour having count(id) > 3 order by hour  asc; args=[u'\u706b\u9505', u'%\u8fa3%']
 32151: 2014-11-21 04:35:58 cache_get 45 cache_get sql:select content from cache where province = %s and sex = %s and time = %s and kind = %s begin:
 32151: 2014-11-21 04:35:58 execute 79 (0.000) select content from cache where province = '' and sex = '' and time = '' and kind = 'all_hour'; args=('', '', '', u'all_hour')
 32151: 2014-11-21 04:35:58 cache_get 48 cache_get sql:select content from cache where province = %s and sex = %s and time = %s and kind = %s end:
 32151: 2014-11-21 04:35:58 analyse 202 get_word begin:
 32151: 2014-11-21 04:35:58 execute 79 (0.000) select month,count(id) from basic_data_new
        where food = '火锅'  and content like '%辣%'  group by month having count(id) > 3 order by month  asc; args=[u'\u706b\u9505', u'%\u8fa3%']
 32151: 2014-11-21 04:35:58 cache_get 45 cache_get sql:select content from cache where province = %s and sex = %s and time = %s and kind = %s begin:
 32151: 2014-11-21 04:35:58 execute 79 (0.000) select content from cache where province = '' and sex = '' and time = '' and kind = 'all_month'; args=('', '', '', u'all_month')
 32151: 2014-11-21 04:35:58 cache_get 48 cache_get sql:select content from cache where province = %s and sex = %s and time = %s and kind = %s end:
 32151: 2014-11-21 04:36:01 execute 79 (0.000) insert into query_history(word) values('火锅 辣'); args=(u'\u706b\u9505 \u8fa3',)
